INFO: 2024-11-02 18:29:09,105 from empirical/src: 8855: <module>: 15: testing inspector_gadget error handling ability; successful hello printed.
ERROR: 2024-11-16 17:44:47,202 from empirical/src: 4908: scrape: 104: ERROR in clicking 'More' button component of code.
ERROR: 2024-11-16 17:44:47,207 from empirical/src: 4908: scrape: 104: ERROR in clicking 'More' button component of code.
ERROR: 2024-11-16 17:44:47,225 from empirical/src: 4908: scrape: 104: ERROR in clicking 'More' button component of code.
INFO: 2024-11-16 17:44:47,240 from empirical/src: 4908: scrape: 123: Web scrape is finsihed.
ERROR: 2024-11-16 18:20:29,209 from empirical/ii_src: 5521: scrape: 104: ERROR in clicking 'More' button component of code.
ERROR: 2024-11-16 18:20:29,209 from empirical/ii_src: 5521: scrape: 104: ERROR in clicking 'More' button component of code.
ERROR: 2024-11-16 18:20:29,216 from empirical/ii_src: 5521: scrape: 104: ERROR in clicking 'More' button component of code.
ERROR: 2024-11-16 18:20:29,216 from empirical/ii_src: 5521: scrape: 104: ERROR in clicking 'More' button component of code.
ERROR: 2024-11-16 18:20:29,220 from empirical/ii_src: 5521: scrape: 104: ERROR in clicking 'More' button component of code.
ERROR: 2024-11-16 18:20:29,220 from empirical/ii_src: 5521: scrape: 104: ERROR in clicking 'More' button component of code.
INFO: 2024-11-16 18:20:29,243 from empirical/ii_src: 5521: scrape: 123: Web scrape is finsihed.
INFO: 2024-11-16 18:20:29,243 from empirical/ii_src: 5521: scrape: 123: Web scrape is finsihed.
INFO: 2024-11-16 18:40:31,499 from empirical/ii_src: 5922: save_dict_to_csv: 32: Succesfully saved CSV file.
INFO: 2024-11-16 18:40:31,499 from empirical/ii_src: 5922: save_dict_to_csv: 32: Succesfully saved CSV file.
INFO: 2024-11-16 18:55:52,728 from empirical/ii_src: 6124: save_dict_to_csv: 35: Succesfully saved CSV file.
INFO: 2024-11-16 18:55:52,728 from empirical/ii_src: 6124: save_dict_to_csv: 35: Succesfully saved CSV file.
ERROR: 2024-11-23 18:00:00,834 from empirical/ii_src: 15709: scrape: 61: ERROR when attempting to click Review button.
ERROR: 2024-11-23 18:00:00,834 from empirical/ii_src: 15709: scrape: 61: ERROR when attempting to click Review button.
ERROR: 2024-11-23 18:14:11,562 from empirical/ii_src: 15709: scrape: 61: ERROR when attempting to click Review button.
ERROR: 2024-11-23 18:14:11,562 from empirical/ii_src: 15709: scrape: 61: ERROR when attempting to click Review button.
ERROR: 2024-11-23 18:16:20,068 from empirical/ii_src: 15709: scrape: 61: ERROR when attempting to click Review button.
ERROR: 2024-11-23 18:16:20,068 from empirical/ii_src: 15709: scrape: 61: ERROR when attempting to click Review button.
INFO: 2024-11-23 18:39:07,870 from empirical/ii_src: 16394: save_dict_to_csv: 37: Succesfully saved CSV file.
INFO: 2024-11-23 18:39:07,870 from empirical/ii_src: 16394: save_dict_to_csv: 37: Succesfully saved CSV file.
INFO: 2024-11-23 19:17:49,224 from empirical/ii_src: 16951: save_dict_to_csv: 45: Succesfully saved CSV file.
INFO: 2024-11-23 19:17:49,224 from empirical/ii_src: 16951: save_dict_to_csv: 45: Succesfully saved CSV file.
INFO: 2024-11-23 19:59:03,472 from empirical/ii_src: 17792: save_dict_to_csv: 45: Succesfully saved CSV file.
INFO: 2024-11-23 19:59:03,472 from empirical/ii_src: 17792: save_dict_to_csv: 45: Succesfully saved CSV file.
INFO: 2024-11-23 21:08:32,194 from empirical/ii_src: 14622: save_dict_to_csv: 45: Succesfully saved CSV file.
INFO: 2024-11-23 21:08:32,194 from empirical/ii_src: 14622: save_dict_to_csv: 45: Succesfully saved CSV file.
INFO: 2024-11-23 21:23:12,615 from empirical/ii_src: 18845: save_dict_to_csv: 45: Succesfully saved CSV file.
INFO: 2024-11-23 21:23:12,615 from empirical/ii_src: 18845: save_dict_to_csv: 45: Succesfully saved CSV file.
INFO: 2024-12-28 18:40:07,989 from empirical/a_sourceCode: 73925: save_dict_to_csv: 45: Succesfully saved CSV file.
INFO: 2024-12-28 18:40:07,989 from empirical/a_sourceCode: 73925: save_dict_to_csv: 45: Succesfully saved CSV file.
INFO: 2024-12-28 18:41:22,838 from empirical/a_sourceCode: 73925: save_dict_to_csv: 45: Succesfully saved CSV file.
INFO: 2024-12-28 18:41:22,838 from empirical/a_sourceCode: 73925: save_dict_to_csv: 45: Succesfully saved CSV file.
WARNING: 2024-12-28 19:47:40,083 from empirical/a_sourceCode: 74530: remove_alphabetic_chars: 39: remove_alphabetic_chars() failed for columns:('stars', 'rating'); 'stars'
WARNING: 2024-12-28 19:47:40,083 from empirical/a_sourceCode: 74530: remove_alphabetic_chars: 39: remove_alphabetic_chars() failed for columns:('stars', 'rating'); 'stars'
WARNING: 2024-12-28 19:47:40,083 from empirical/a_sourceCode: 74530: remove_alphabetic_chars: 39: remove_alphabetic_chars() failed for columns:('stars', 'rating'); 'stars'
ERROR: 2024-12-28 19:48:50,814 from empirical/a_sourceCode: 74530: remove_pattern_from_columns: 52: remove_pattern_from_columns() failed; 'NoneType' object has no attribute 'columns'
ERROR: 2024-12-28 19:48:50,814 from empirical/a_sourceCode: 74530: remove_pattern_from_columns: 52: remove_pattern_from_columns() failed; 'NoneType' object has no attribute 'columns'
ERROR: 2024-12-28 19:48:50,814 from empirical/a_sourceCode: 74530: remove_pattern_from_columns: 52: remove_pattern_from_columns() failed; 'NoneType' object has no attribute 'columns'
INFO: 2025-01-01 14:19:37,632 from empirical/a_sourceCode: 1973: save_dict_to_csv: 49: Succesfully saved CSV file.
INFO: 2025-01-01 14:19:37,632 from empirical/a_sourceCode: 1973: save_dict_to_csv: 49: Succesfully saved CSV file.
INFO: 2025-01-01 14:19:37,632 from empirical/a_sourceCode: 1973: save_dict_to_csv: 49: Succesfully saved CSV file.
INFO: 2025-01-01 14:29:28,683 from empirical/a_sourceCode: 1973: save_dict_to_csv: 49: Succesfully saved CSV file.
INFO: 2025-01-01 14:29:28,683 from empirical/a_sourceCode: 1973: save_dict_to_csv: 49: Succesfully saved CSV file.
INFO: 2025-01-01 14:29:28,683 from empirical/a_sourceCode: 1973: save_dict_to_csv: 49: Succesfully saved CSV file.
INFO: 2025-01-01 14:37:08,418 from empirical/a_sourceCode: 1973: save_dict_to_csv: 49: Succesfully saved CSV file.
INFO: 2025-01-01 14:37:08,418 from empirical/a_sourceCode: 1973: save_dict_to_csv: 49: Succesfully saved CSV file.
INFO: 2025-01-01 14:37:08,418 from empirical/a_sourceCode: 1973: save_dict_to_csv: 49: Succesfully saved CSV file.
WARNING: 2025-06-04 11:41:36,514 from empirical/a_sourceCode: 1936: scrape: 58: No Address Found
ERROR: 2025-06-04 11:41:36,559 from empirical/a_sourceCode: 1936: scrape: 73: ERROR when attempting to click Review button.
INFO: 2025-06-04 12:10:41,572 from empirical/a_sourceCode: 2149: scrape: 38: Link matches expected URL.
WARNING: 2025-06-04 12:10:42,007 from empirical/a_sourceCode: 2149: scrape: 59: No Address Found, error: {e}
INFO: 2025-06-04 12:11:50,075 from empirical/a_sourceCode: 2224: scrape: 38: Link matches expected URL.
WARNING: 2025-06-04 12:11:50,228 from empirical/a_sourceCode: 2224: scrape: 59: No Address Found, error: {e}
INFO: 2025-06-04 12:13:25,065 from empirical/a_sourceCode: 2295: scrape: 38: Link matches expected URL.
WARNING: 2025-06-04 12:39:45,495 from empirical/a_sourceCode: 2543: scrape: 74: No Address Found, error: local variable 'location' referenced before assignment
WARNING: 2025-06-04 13:02:55,578 from empirical/a_sourceCode: 2655: scrape: 80: No Address Found, error: local variable 'location' referenced before assignment
INFO: 2025-06-04 13:11:44,530 from empirical/a_sourceCode: 2889: scrape: 78: Address recorded: 5932 SE Federal Hwy, Stuart, FL 34997
INFO: 2025-06-04 13:29:53,581 from empirical/a_sourceCode: 3031: scrape: 77: Address recorded: 5932 SE Federal Hwy, Stuart, FL 34997
INFO: 2025-06-04 13:34:14,966 from empirical/a_sourceCode: 3110: scrape: 77: Address recorded: 5932 SE Federal Hwy, Stuart, FL 34997
INFO: 2025-06-04 13:35:02,826 from empirical/a_sourceCode: 3197: scrape: 77: Address recorded: 5932 SE Federal Hwy, Stuart, FL 34997
INFO: 2025-06-04 15:59:13,715 from empirical/a_sourceCode: 5569: get_address: 90: Address recorded: 5932 SE Federal Hwy, Stuart, FL 34997
INFO: 2025-06-04 16:09:49,818 from empirical/a_sourceCode: 5700: get_address: 90: Address recorded: 5932 SE Federal Hwy, Stuart, FL 34997
INFO: 2025-06-04 16:18:35,023 from empirical/a_sourceCode: 5826: get_address: 90: Address recorded: 5932 SE Federal Hwy, Stuart, FL 34997
INFO: 2025-06-04 16:22:42,118 from empirical/a_sourceCode: 5918: get_address: 90: Address recorded: 5932 SE Federal Hwy, Stuart, FL 34997
INFO: 2025-06-04 16:25:09,027 from empirical/a_sourceCode: 6005: get_address: 90: Address recorded: 5932 SE Federal Hwy, Stuart, FL 34997
INFO: 2025-06-04 16:26:11,159 from empirical/a_sourceCode: 6090: get_address: 90: Address recorded: 5932 SE Federal Hwy, Stuart, FL 34997
INFO: 2025-06-04 16:27:44,771 from empirical/a_sourceCode: 6186: get_address: 90: Address recorded: 5932 SE Federal Hwy, Stuart, FL 34997
INFO: 2025-06-04 16:44:52,010 from empirical/a_sourceCode: 6332: get_address: 90: Address recorded: 5932 SE Federal Hwy, Stuart, FL 34997
INFO: 2025-06-04 16:46:50,125 from empirical/a_sourceCode: 6424: get_address: 90: Address recorded: 5932 SE Federal Hwy, Stuart, FL 34997
INFO: 2025-06-04 16:47:46,564 from empirical/a_sourceCode: 6506: get_address: 90: Address recorded: 5932 SE Federal Hwy, Stuart, FL 34997
INFO: 2025-06-04 16:53:21,220 from empirical/a_sourceCode: 6597: get_address: 90: Address recorded: 5932 SE Federal Hwy, Stuart, FL 34997
INFO: 2025-06-04 16:58:57,642 from empirical/a_sourceCode: 6690: get_address: 90: Address recorded: 5932 SE Federal Hwy, Stuart, FL 34997
INFO: 2025-06-04 17:01:16,185 from empirical/a_sourceCode: 6776: get_address: 90: Address recorded: 5932 SE Federal Hwy, Stuart, FL 34997
INFO: 2025-06-04 17:07:01,655 from empirical/a_sourceCode: 6880: get_address: 90: Address recorded: 5932 SE Federal Hwy, Stuart, FL 34997
INFO: 2025-06-04 17:07:57,138 from empirical/a_sourceCode: 6967: get_address: 90: Address recorded: 5932 SE Federal Hwy, Stuart, FL 34997
INFO: 2025-06-04 17:16:15,011 from empirical/a_sourceCode: 7062: get_address: 90: Address recorded: 5932 SE Federal Hwy, Stuart, FL 34997
INFO: 2025-06-04 17:39:07,445 from empirical/a_sourceCode: 7250: get_address: 92: Address recorded: 5932 SE Federal Hwy, Stuart, FL 34997
INFO: 2025-06-04 18:09:12,634 from empirical/a_sourceCode: 7507: get_address: 92: Address recorded: 5932 SE Federal Hwy, Stuart, FL 34997
INFO: 2025-06-04 18:09:12,634 from empirical/a_sourceCode: 7507: get_address: 92: Address recorded: 5932 SE Federal Hwy, Stuart, FL 34997
INFO: 2025-06-04 18:09:12,634 from empirical/a_sourceCode: 7507: get_address: 92: Address recorded: 5932 SE Federal Hwy, Stuart, FL 34997
INFO: 2025-06-04 18:09:12,634 from empirical/a_sourceCode: 7507: get_address: 92: Address recorded: 5932 SE Federal Hwy, Stuart, FL 34997
INFO: 2025-06-04 18:14:23,850 from empirical/a_sourceCode: 7599: get_address: 92: Address recorded: 5932 SE Federal Hwy, Stuart, FL 34997
INFO: 2025-06-04 18:14:23,850 from empirical/a_sourceCode: 7599: get_address: 92: Address recorded: 5932 SE Federal Hwy, Stuart, FL 34997
INFO: 2025-06-04 18:14:23,850 from empirical/a_sourceCode: 7599: get_address: 92: Address recorded: 5932 SE Federal Hwy, Stuart, FL 34997
INFO: 2025-06-04 18:14:23,850 from empirical/a_sourceCode: 7599: get_address: 92: Address recorded: 5932 SE Federal Hwy, Stuart, FL 34997
INFO: 2025-06-04 18:34:07,852 from empirical/a_sourceCode: 7808: get_address: 92: Address recorded: 5932 SE Federal Hwy, Stuart, FL 34997
INFO: 2025-06-04 18:34:07,852 from empirical/a_sourceCode: 7808: get_address: 92: Address recorded: 5932 SE Federal Hwy, Stuart, FL 34997
INFO: 2025-06-04 18:34:07,852 from empirical/a_sourceCode: 7808: get_address: 92: Address recorded: 5932 SE Federal Hwy, Stuart, FL 34997
INFO: 2025-06-04 18:34:07,852 from empirical/a_sourceCode: 7808: get_address: 92: Address recorded: 5932 SE Federal Hwy, Stuart, FL 34997
INFO: 2025-06-06 18:49:04,377 from empirical/a_sourceCode: 8916: get_address: 92: Address recorded: 2294 SE Federal Hwy, Stuart, FL 34994
INFO: 2025-06-06 18:49:04,377 from empirical/a_sourceCode: 8916: get_address: 92: Address recorded: 2294 SE Federal Hwy, Stuart, FL 34994
INFO: 2025-06-06 18:49:04,377 from empirical/a_sourceCode: 8916: get_address: 92: Address recorded: 2294 SE Federal Hwy, Stuart, FL 34994
INFO: 2025-06-06 18:49:04,377 from empirical/a_sourceCode: 8916: get_address: 92: Address recorded: 2294 SE Federal Hwy, Stuart, FL 34994
INFO: 2025-06-09 11:31:51,701 from empirical/a_sourceCode: 1541: get_address: 92: Address recorded: 3036 SW Martin Downs Blvd, Palm City, FL 34990
INFO: 2025-06-09 11:31:51,701 from empirical/a_sourceCode: 1541: get_address: 92: Address recorded: 3036 SW Martin Downs Blvd, Palm City, FL 34990
INFO: 2025-06-09 11:31:51,701 from empirical/a_sourceCode: 1541: get_address: 92: Address recorded: 3036 SW Martin Downs Blvd, Palm City, FL 34990
INFO: 2025-06-09 11:31:51,701 from empirical/a_sourceCode: 1541: get_address: 92: Address recorded: 3036 SW Martin Downs Blvd, Palm City, FL 34990
INFO: 2025-06-12 12:26:35,137 from empirical/a_sourceCode: 1550: get_address: 92: Address recorded: 4262 Camino Del Rio N, San Diego, CA 92108
INFO: 2025-06-12 12:26:35,137 from empirical/a_sourceCode: 1550: get_address: 92: Address recorded: 4262 Camino Del Rio N, San Diego, CA 92108
INFO: 2025-06-12 12:26:35,137 from empirical/a_sourceCode: 1550: get_address: 92: Address recorded: 4262 Camino Del Rio N, San Diego, CA 92108
INFO: 2025-06-12 12:26:35,137 from empirical/a_sourceCode: 1550: get_address: 92: Address recorded: 4262 Camino Del Rio N, San Diego, CA 92108
INFO: 2025-06-12 13:03:35,295 from empirical/a_sourceCode: 1898: get_address: 92: Address recorded: Ste 105, Empire State Building, 350 5th Ave, New York, NY 10118
INFO: 2025-06-12 13:03:35,295 from empirical/a_sourceCode: 1898: get_address: 92: Address recorded: Ste 105, Empire State Building, 350 5th Ave, New York, NY 10118
INFO: 2025-06-12 13:03:35,295 from empirical/a_sourceCode: 1898: get_address: 92: Address recorded: Ste 105, Empire State Building, 350 5th Ave, New York, NY 10118
INFO: 2025-06-12 13:03:35,295 from empirical/a_sourceCode: 1898: get_address: 92: Address recorded: Ste 105, Empire State Building, 350 5th Ave, New York, NY 10118
INFO: 2025-06-12 16:30:47,640 from empirical/a_sourceCode: 3239: get_address: 89: Address recorded: 6001 US-1, Stuart, FL 34997
INFO: 2025-06-12 16:30:47,640 from empirical/a_sourceCode: 3239: get_address: 89: Address recorded: 6001 US-1, Stuart, FL 34997
INFO: 2025-06-12 16:30:47,640 from empirical/a_sourceCode: 3239: get_address: 89: Address recorded: 6001 US-1, Stuart, FL 34997
INFO: 2025-06-12 16:30:47,640 from empirical/a_sourceCode: 3239: get_address: 89: Address recorded: 6001 US-1, Stuart, FL 34997
